This is pdfTeX, Version 3.1415926-2.4-1.40.13 (TeX Live 2012) (format=pdflatex 2013.2.15)  26 JAN 2016 15:57
entering extended mode
 restricted \write18 enabled.
 %&-line parsing enabled.
**main.tex
(./main.tex
LaTeX2e <2011/06/27>
Babel <v3.8m> and hyphenation patterns for english, dumylang, nohyphenation, ge
rman-x-2012-05-30, ngerman-x-2012-05-30, afrikaans, ancientgreek, ibycus, arabi
c, armenian, basque, bulgarian, catalan, pinyin, coptic, croatian, czech, danis
h, dutch, ukenglish, usenglishmax, esperanto, estonian, ethiopic, farsi, finnis
h, french, friulan, galician, german, ngerman, swissgerman, monogreek, greek, h
ungarian, icelandic, assamese, bengali, gujarati, hindi, kannada, malayalam, ma
rathi, oriya, panjabi, tamil, telugu, indonesian, interlingua, irish, italian, 
kurmanji, latin, latvian, lithuanian, mongolian, mongolianlmc, bokmal, nynorsk,
 polish, portuguese, romanian, romansh, russian, sanskrit, serbian, serbianc, s
lovak, slovenian, spanish, swedish, turkish, turkmen, ukrainian, uppersorbian, 
welsh, loaded.
(/usr/local/texlive/2012/texmf-dist/tex/latex/base/report.cls
Document Class: report 2007/10/19 v1.4h Standard LaTeX document class
(/usr/local/texlive/2012/texmf-dist/tex/latex/base/size12.clo
File: size12.clo 2007/10/19 v1.4h Standard LaTeX file (size option)
)
\c@part=\count79
\c@chapter=\count80
\c@section=\count81
\c@subsection=\count82
\c@subsubsection=\count83
\c@paragraph=\count84
\c@subparagraph=\count85
\c@figure=\count86
\c@table=\count87
\abovecaptionskip=\skip41
\belowcaptionskip=\skip42
\bibindent=\dimen102
)
(/usr/local/texlive/2012/texmf-dist/tex/latex/graphics/graphicx.sty
Package: graphicx 1999/02/16 v1.0f Enhanced LaTeX Graphics (DPC,SPQR)

(/usr/local/texlive/2012/texmf-dist/tex/latex/graphics/keyval.sty
Package: keyval 1999/03/16 v1.13 key=value parser (DPC)
\KV@toks@=\toks14
)
(/usr/local/texlive/2012/texmf-dist/tex/latex/graphics/graphics.sty
Package: graphics 2009/02/05 v1.0o Standard LaTeX Graphics (DPC,SPQR)

(/usr/local/texlive/2012/texmf-dist/tex/latex/graphics/trig.sty
Package: trig 1999/03/16 v1.09 sin cos tan (DPC)
)
(/usr/local/texlive/2012/texmf-dist/tex/latex/latexconfig/graphics.cfg
File: graphics.cfg 2010/04/23 v1.9 graphics configuration of TeX Live
)
Package graphics Info: Driver file: pdftex.def on input line 91.

(/usr/local/texlive/2012/texmf-dist/tex/latex/pdftex-def/pdftex.def
File: pdftex.def 2011/05/27 v0.06d Graphics/color for pdfTeX

(/usr/local/texlive/2012/texmf-dist/tex/generic/oberdiek/infwarerr.sty
Package: infwarerr 2010/04/08 v1.3 Providing info/warning/error messages (HO)
)
(/usr/local/texlive/2012/texmf-dist/tex/generic/oberdiek/ltxcmds.sty
Package: ltxcmds 2011/11/09 v1.22 LaTeX kernel commands for general use (HO)
)
\Gread@gobject=\count88
))
\Gin@req@height=\dimen103
\Gin@req@width=\dimen104
)
(/usr/local/texlive/2012/texmf-dist/tex/latex/oberdiek/epstopdf.sty
Package: epstopdf 2010/02/09 v2.5 Conversion with epstopdf on the fly (HO)

(/usr/local/texlive/2012/texmf-dist/tex/latex/oberdiek/epstopdf-base.sty
Package: epstopdf-base 2010/02/09 v2.5 Base part for package epstopdf

(/usr/local/texlive/2012/texmf-dist/tex/latex/oberdiek/grfext.sty
Package: grfext 2010/08/19 v1.1 Manage graphics extensions (HO)

(/usr/local/texlive/2012/texmf-dist/tex/generic/oberdiek/kvdefinekeys.sty
Package: kvdefinekeys 2011/04/07 v1.3 Define keys (HO)
))
(/usr/local/texlive/2012/texmf-dist/tex/latex/oberdiek/kvoptions.sty
Package: kvoptions 2011/06/30 v3.11 Key value format for package options (HO)

(/usr/local/texlive/2012/texmf-dist/tex/generic/oberdiek/kvsetkeys.sty
Package: kvsetkeys 2012/04/25 v1.16 Key value parser (HO)

(/usr/local/texlive/2012/texmf-dist/tex/generic/oberdiek/etexcmds.sty
Package: etexcmds 2011/02/16 v1.5 Avoid name clashes with e-TeX commands (HO)

(/usr/local/texlive/2012/texmf-dist/tex/generic/oberdiek/ifluatex.sty
Package: ifluatex 2010/03/01 v1.3 Provides the ifluatex switch (HO)
Package ifluatex Info: LuaTeX not detected.
)
Package etexcmds Info: Could not find \expanded.
(etexcmds)             That can mean that you are not using pdfTeX 1.50 or
(etexcmds)             that some package has redefined \expanded.
(etexcmds)             In the latter case, load this package earlier.
)))
(/usr/local/texlive/2012/texmf-dist/tex/generic/oberdiek/pdftexcmds.sty
Package: pdftexcmds 2011/11/29 v0.20 Utility functions of pdfTeX for LuaTeX (HO
)

(/usr/local/texlive/2012/texmf-dist/tex/generic/oberdiek/ifpdf.sty
Package: ifpdf 2011/01/30 v2.3 Provides the ifpdf switch (HO)
Package ifpdf Info: pdfTeX in PDF mode is detected.
)
Package pdftexcmds Info: LuaTeX not detected.
Package pdftexcmds Info: \pdf@primitive is available.
Package pdftexcmds Info: \pdf@ifprimitive is available.
Package pdftexcmds Info: \pdfdraftmode found.
)
Package grfext Info: Graphics extension search list:
(grfext)             [.png,.pdf,.jpg,.mps,.jpeg,.jbig2,.jb2,.PNG,.PDF,.JPG,.JPE
G,.JBIG2,.JB2,.eps]
(grfext)             \AppendGraphicsExtensions on input line 452.

(/usr/local/texlive/2012/texmf-dist/tex/latex/latexconfig/epstopdf-sys.cfg
File: epstopdf-sys.cfg 2010/07/13 v1.3 Configuration of (r)epstopdf for TeX Liv
e
)))
(/usr/local/texlive/2012/texmf-dist/tex/latex/setspace/setspace.sty
Package: setspace 2011/12/19 v6.7a set line spacing
)
(/usr/local/texlive/2012/texmf-dist/tex/latex/float/float.sty
Package: float 2001/11/08 v1.3d Float enhancements (AL)
\c@float@type=\count89
\float@exts=\toks15
\float@box=\box26
\@float@everytoks=\toks16
\@floatcapt=\box27
)
(/usr/local/texlive/2012/texmf-dist/tex/latex/url/url.sty
\Urlmuskip=\muskip10
Package: url 2006/04/12  ver 3.3  Verb mode for urls, etc.
)
(/usr/local/texlive/2012/texmf-dist/tex/latex/booktabs/booktabs.sty
Package: booktabs 2005/04/14 v1.61803 publication quality tables
\heavyrulewidth=\dimen105
\lightrulewidth=\dimen106
\cmidrulewidth=\dimen107
\belowrulesep=\dimen108
\belowbottomsep=\dimen109
\aboverulesep=\dimen110
\abovetopsep=\dimen111
\cmidrulesep=\dimen112
\cmidrulekern=\dimen113
\defaultaddspace=\dimen114
\@cmidla=\count90
\@cmidlb=\count91
\@aboverulesep=\dimen115
\@belowrulesep=\dimen116
\@thisruleclass=\count92
\@lastruleclass=\count93
\@thisrulewidth=\dimen117
)
(/usr/local/texlive/2012/texmf-dist/tex/latex/threeparttable/threeparttable.sty
Package: threeparttable 2003/06/13  v 3.0
\@tempboxb=\box28
) (/usr/local/texlive/2012/texmf-dist/tex/latex/adjustbox/adjustbox.sty
Package: adjustbox 2012/05/21 v1.0 Adjusting TeX boxes (trim, clip, ...)

(/usr/local/texlive/2012/texmf-dist/tex/latex/xkeyval/xkeyval.sty
Package: xkeyval 2008/08/13 v2.6a package option processing (HA)

(/usr/local/texlive/2012/texmf-dist/tex/generic/xkeyval/xkeyval.tex
\XKV@toks=\toks17
\XKV@tempa@toks=\toks18
\XKV@depth=\count94
File: xkeyval.tex 2008/08/13 v2.6a key=value parser (HA)
))
(/usr/local/texlive/2012/texmf-dist/tex/latex/adjustbox/adjcalc.sty
Package: adjcalc 2012/05/16 v1.1 Provides advanced setlength with multiple back
-ends (calc, etex, pgfmath)
)
(/usr/local/texlive/2012/texmf-dist/tex/latex/adjustbox/trimclip.sty
Package: trimclip 2012/05/16 v1.0 Trim and clip general TeX material

(/usr/local/texlive/2012/texmf-dist/tex/latex/collectbox/collectbox.sty
Package: collectbox 2012/05/17 v0.4b Collect macro arguments as boxes
\collectedbox=\box29
)
\tc@llx=\dimen118
\tc@lly=\dimen119
\tc@urx=\dimen120
\tc@ury=\dimen121
Package trimclip Info: Using driver 'tc-pdftex.def'.

(/usr/local/texlive/2012/texmf-dist/tex/latex/adjustbox/tc-pdftex.def
File: tc-pdftex.def 2012/05/13 v1.0 Clipping driver for pdftex
))
\adjbox@Width=\dimen122
\adjbox@Height=\dimen123
\adjbox@Depth=\dimen124
\adjbox@Totalheight=\dimen125

(/usr/local/texlive/2012/texmf-dist/tex/latex/ifoddpage/ifoddpage.sty
Package: ifoddpage 2011/09/13 v1.0 Conditionals for odd/even page detection
\c@checkoddpage=\count95
)
(/usr/local/texlive/2012/texmf-dist/tex/latex/varwidth/varwidth.sty
Package: varwidth 2009/03/30 ver 0.92;  Variable-width minipages
\@vwid@box=\box30
\sift@deathcycles=\count96
\@vwid@loff=\dimen126
\@vwid@roff=\dimen127
))
(/usr/local/texlive/2012/texmf-dist/tex/latex/caption/caption.sty
Package: caption 2012/02/19 v3.2f Customizing captions (AR)

(/usr/local/texlive/2012/texmf-dist/tex/latex/caption/caption3.sty
Package: caption3 2012/01/12 v1.4b caption3 kernel (AR)
\captionmargin=\dimen128
\captionmargin@=\dimen129
\captionwidth=\dimen130
\caption@indent=\dimen131
\caption@parindent=\dimen132
\caption@hangindent=\dimen133
)
\c@ContinuedFloat=\count97
Package caption Info: float package is loaded.
Package caption Info: threeparttable package is loaded.
)
(/usr/local/texlive/2012/texmf-dist/tex/latex/tools/longtable.sty
Package: longtable 2004/02/01 v4.11 Multi-page Table package (DPC)
\LTleft=\skip43
\LTright=\skip44
\LTpre=\skip45
\LTpost=\skip46
\LTchunksize=\count98
\LTcapwidth=\dimen134
\LT@head=\box31
\LT@firsthead=\box32
\LT@foot=\box33
\LT@lastfoot=\box34
\LT@cols=\count99
\LT@rows=\count100
\c@LT@tables=\count101
\c@LT@chunks=\count102
\LT@p@ftn=\toks19
)
(/usr/local/texlive/2012/texmf-dist/tex/latex/threeparttablex/threeparttablex.s
ty
Package: threeparttablex 2010/07/14 v0.2 by daleif
 (/usr/local/texlive/2012/texmf-dist/tex/latex/environ/environ.sty
Package: environ 2008/06/18 v0.2 A new way to define environments
\@emptytoks=\toks20
\@envbody=\toks21
)
\TPTL@width=\skip47
)
(/usr/local/texlive/2012/texmf-dist/tex/latex/rotating/rotating.sty
Package: rotating 2009/03/28 v2.16a rotated objects in LaTeX

(/usr/local/texlive/2012/texmf-dist/tex/latex/base/ifthen.sty
Package: ifthen 2001/05/26 v1.1c Standard LaTeX ifthen package (DPC)
)
\c@r@tfl@t=\count103
\rotFPtop=\skip48
\rotFPbot=\skip49
\rot@float@box=\box35
\rot@mess@toks=\toks22
) (./nowidow.sty
Package: nowidow 2011/09/20 1.0 Easily prevent widows and orphans
Package: nowidow 
) (./chngcntr.sty
Package: chngcntr 2009/09/02 v1.0a change counter resetting
)
(/usr/local/texlive/2012/texmf-dist/tex/latex/natbib/natbib.sty
Package: natbib 2010/09/13 8.31b (PWD, AO)
\bibhang=\skip50
\bibsep=\skip51
LaTeX Info: Redefining \cite on input line 694.
\c@NAT@ctr=\count104
)
(/usr/local/texlive/2012/texmf-dist/tex/latex/cite/chapterbib.sty
\c@inputfile=\count105
Package: chapterbib 2010/09/18  v 1.17
)
(/usr/local/texlive/2012/texmf-dist/tex/latex/geometry/geometry.sty
Package: geometry 2010/09/12 v5.6 Page Geometry

(/usr/local/texlive/2012/texmf-dist/tex/generic/oberdiek/ifvtex.sty
Package: ifvtex 2010/03/01 v1.5 Detect VTeX and its facilities (HO)
Package ifvtex Info: VTeX not detected.
)
(/usr/local/texlive/2012/texmf-dist/tex/generic/ifxetex/ifxetex.sty
Package: ifxetex 2010/09/12 v0.6 Provides ifxetex conditional
)
\Gm@cnth=\count106
\Gm@cntv=\count107
\c@Gm@tempcnt=\count108
\Gm@bindingoffset=\dimen135
\Gm@wd@mp=\dimen136
\Gm@odd@mp=\dimen137
\Gm@even@mp=\dimen138
\Gm@layoutwidth=\dimen139
\Gm@layoutheight=\dimen140
\Gm@layouthoffset=\dimen141
\Gm@layoutvoffset=\dimen142
\Gm@dimlist=\toks23
)
(/usr/local/texlive/2012/texmf-dist/tex/latex/amsmath/amsmath.sty
Package: amsmath 2000/07/18 v2.13 AMS math features
\@mathmargin=\skip52

For additional information on amsmath, use the `?' option.
(/usr/local/texlive/2012/texmf-dist/tex/latex/amsmath/amstext.sty
Package: amstext 2000/06/29 v2.01

(/usr/local/texlive/2012/texmf-dist/tex/latex/amsmath/amsgen.sty
File: amsgen.sty 1999/11/30 v2.0
\@emptytoks=\toks24
\ex@=\dimen143
))
(/usr/local/texlive/2012/texmf-dist/tex/latex/amsmath/amsbsy.sty
Package: amsbsy 1999/11/29 v1.2d
\pmbraise@=\dimen144
)
(/usr/local/texlive/2012/texmf-dist/tex/latex/amsmath/amsopn.sty
Package: amsopn 1999/12/14 v2.01 operator names
)
\inf@bad=\count109
LaTeX Info: Redefining \frac on input line 211.
\uproot@=\count110
\leftroot@=\count111
LaTeX Info: Redefining \overline on input line 307.
\classnum@=\count112
\DOTSCASE@=\count113
LaTeX Info: Redefining \ldots on input line 379.
LaTeX Info: Redefining \dots on input line 382.
LaTeX Info: Redefining \cdots on input line 467.
\Mathstrutbox@=\box36
\strutbox@=\box37
\big@size=\dimen145
LaTeX Font Info:    Redeclaring font encoding OML on input line 567.
LaTeX Font Info:    Redeclaring font encoding OMS on input line 568.
\macc@depth=\count114
\c@MaxMatrixCols=\count115
\dotsspace@=\muskip11
\c@parentequation=\count116
\dspbrk@lvl=\count117
\tag@help=\toks25
\row@=\count118
\column@=\count119
\maxfields@=\count120
\andhelp@=\toks26
\eqnshift@=\dimen146
\alignsep@=\dimen147
\tagshift@=\dimen148
\tagwidth@=\dimen149
\totwidth@=\dimen150
\lineht@=\dimen151
\@envbody=\toks27
\multlinegap=\skip53
\multlinetaggap=\skip54
\mathdisplay@stack=\toks28
LaTeX Info: Redefining \[ on input line 2666.
LaTeX Info: Redefining \] on input line 2667.
)
(/usr/local/texlive/2012/texmf-dist/tex/latex/mh/mathtools.sty
Package: mathtools 2012/04/24 v1.12 mathematical typesetting tools

(/usr/local/texlive/2012/texmf-dist/tex/latex/tools/calc.sty
Package: calc 2007/08/22 v4.3 Infix arithmetic (KKT,FJ)
\calc@Acount=\count121
\calc@Bcount=\count122
\calc@Adimen=\dimen152
\calc@Bdimen=\dimen153
\calc@Askip=\skip55
\calc@Bskip=\skip56
LaTeX Info: Redefining \setlength on input line 76.
LaTeX Info: Redefining \addtolength on input line 77.
\calc@Ccount=\count123
\calc@Cskip=\skip57
)
(/usr/local/texlive/2012/texmf-dist/tex/latex/mh/mhsetup.sty
Package: mhsetup 2010/01/21 v1.2a programming setup (MH)
)
\g_MT_multlinerow_int=\count124
\l_MT_multwidth_dim=\dimen154
\origjot=\skip58
\l_MT_shortvdotswithinadjustabove_dim=\dimen155
\l_MT_shortvdotswithinadjustbelow_dim=\dimen156
\l_MT_above_intertext_dim=\dimen157
\l_MT_below_intertext_dim=\dimen158
\l_MT_above_shortintertext_dim=\dimen159
\l_MT_below_shortintertext_dim=\dimen160
)
(/usr/local/texlive/2012/texmf-dist/tex/latex/base/fontenc.sty
Package: fontenc 2005/09/27 v1.99g Standard LaTeX package

(/usr/local/texlive/2012/texmf-dist/tex/latex/base/t1enc.def
File: t1enc.def 2005/09/27 v1.99g Standard LaTeX file
LaTeX Font Info:    Redeclaring font encoding T1 on input line 43.
))
(/usr/local/texlive/2012/texmf-dist/tex/latex/lm/lmodern.sty
Package: lmodern 2009/10/30 v1.6 Latin Modern Fonts
LaTeX Font Info:    Overwriting symbol font `operators' in version `normal'
(Font)                  OT1/cmr/m/n --> OT1/lmr/m/n on input line 22.
LaTeX Font Info:    Overwriting symbol font `letters' in version `normal'
(Font)                  OML/cmm/m/it --> OML/lmm/m/it on input line 23.
LaTeX Font Info:    Overwriting symbol font `symbols' in version `normal'
(Font)                  OMS/cmsy/m/n --> OMS/lmsy/m/n on input line 24.
LaTeX Font Info:    Overwriting symbol font `largesymbols' in version `normal'
(Font)                  OMX/cmex/m/n --> OMX/lmex/m/n on input line 25.
LaTeX Font Info:    Overwriting symbol font `operators' in version `bold'
(Font)                  OT1/cmr/bx/n --> OT1/lmr/bx/n on input line 26.
LaTeX Font Info:    Overwriting symbol font `letters' in version `bold'
(Font)                  OML/cmm/b/it --> OML/lmm/b/it on input line 27.
LaTeX Font Info:    Overwriting symbol font `symbols' in version `bold'
(Font)                  OMS/cmsy/b/n --> OMS/lmsy/b/n on input line 28.
LaTeX Font Info:    Overwriting symbol font `largesymbols' in version `bold'
(Font)                  OMX/cmex/m/n --> OMX/lmex/m/n on input line 29.
LaTeX Font Info:    Overwriting math alphabet `\mathbf' in version `normal'
(Font)                  OT1/cmr/bx/n --> OT1/lmr/bx/n on input line 31.
LaTeX Font Info:    Overwriting math alphabet `\mathsf' in version `normal'
(Font)                  OT1/cmss/m/n --> OT1/lmss/m/n on input line 32.
LaTeX Font Info:    Overwriting math alphabet `\mathit' in version `normal'
(Font)                  OT1/cmr/m/it --> OT1/lmr/m/it on input line 33.
LaTeX Font Info:    Overwriting math alphabet `\mathtt' in version `normal'
(Font)                  OT1/cmtt/m/n --> OT1/lmtt/m/n on input line 34.
LaTeX Font Info:    Overwriting math alphabet `\mathbf' in version `bold'
(Font)                  OT1/cmr/bx/n --> OT1/lmr/bx/n on input line 35.
LaTeX Font Info:    Overwriting math alphabet `\mathsf' in version `bold'
(Font)                  OT1/cmss/bx/n --> OT1/lmss/bx/n on input line 36.
LaTeX Font Info:    Overwriting math alphabet `\mathit' in version `bold'
(Font)                  OT1/cmr/bx/it --> OT1/lmr/bx/it on input line 37.
LaTeX Font Info:    Overwriting math alphabet `\mathtt' in version `bold'
(Font)                  OT1/cmtt/m/n --> OT1/lmtt/m/n on input line 38.
)
(/usr/local/texlive/2012/texmf-dist/tex/latex/base/inputenc.sty
Package: inputenc 2008/03/30 v1.1d Input encoding file
\inpenc@prehook=\toks29
\inpenc@posthook=\toks30

(/usr/local/texlive/2012/texmf-dist/tex/latex/base/utf8.def
File: utf8.def 2008/04/05 v1.1m UTF-8 support for inputenc
Now handling font encoding OML ...
... no UTF-8 mapping file for font encoding OML
Now handling font encoding T1 ...
... processing UTF-8 mapping file for font encoding T1

(/usr/local/texlive/2012/texmf-dist/tex/latex/base/t1enc.dfu
File: t1enc.dfu 2008/04/05 v1.1m UTF-8 support for inputenc
   defining Unicode char U+00A1 (decimal 161)
   defining Unicode char U+00A3 (decimal 163)
   defining Unicode char U+00AB (decimal 171)
   defining Unicode char U+00BB (decimal 187)
   defining Unicode char U+00BF (decimal 191)
   defining Unicode char U+00C0 (decimal 192)
   defining Unicode char U+00C1 (decimal 193)
   defining Unicode char U+00C2 (decimal 194)
   defining Unicode char U+00C3 (decimal 195)
   defining Unicode char U+00C4 (decimal 196)
   defining Unicode char U+00C5 (decimal 197)
   defining Unicode char U+00C6 (decimal 198)
   defining Unicode char U+00C7 (decimal 199)
   defining Unicode char U+00C8 (decimal 200)
   defining Unicode char U+00C9 (decimal 201)
   defining Unicode char U+00CA (decimal 202)
   defining Unicode char U+00CB (decimal 203)
   defining Unicode char U+00CC (decimal 204)
   defining Unicode char U+00CD (decimal 205)
   defining Unicode char U+00CE (decimal 206)
   defining Unicode char U+00CF (decimal 207)
   defining Unicode char U+00D0 (decimal 208)
   defining Unicode char U+00D1 (decimal 209)
   defining Unicode char U+00D2 (decimal 210)
   defining Unicode char U+00D3 (decimal 211)
   defining Unicode char U+00D4 (decimal 212)
   defining Unicode char U+00D5 (decimal 213)
   defining Unicode char U+00D6 (decimal 214)
   defining Unicode char U+00D8 (decimal 216)
   defining Unicode char U+00D9 (decimal 217)
   defining Unicode char U+00DA (decimal 218)
   defining Unicode char U+00DB (decimal 219)
   defining Unicode char U+00DC (decimal 220)
   defining Unicode char U+00DD (decimal 221)
   defining Unicode char U+00DE (decimal 222)
   defining Unicode char U+00DF (decimal 223)
   defining Unicode char U+00E0 (decimal 224)
   defining Unicode char U+00E1 (decimal 225)
   defining Unicode char U+00E2 (decimal 226)
   defining Unicode char U+00E3 (decimal 227)
   defining Unicode char U+00E4 (decimal 228)
   defining Unicode char U+00E5 (decimal 229)
   defining Unicode char U+00E6 (decimal 230)
   defining Unicode char U+00E7 (decimal 231)
   defining Unicode char U+00E8 (decimal 232)
   defining Unicode char U+00E9 (decimal 233)
   defining Unicode char U+00EA (decimal 234)
   defining Unicode char U+00EB (decimal 235)
   defining Unicode char U+00EC (decimal 236)
   defining Unicode char U+00ED (decimal 237)
   defining Unicode char U+00EE (decimal 238)
   defining Unicode char U+00EF (decimal 239)
   defining Unicode char U+00F0 (decimal 240)
   defining Unicode char U+00F1 (decimal 241)
   defining Unicode char U+00F2 (decimal 242)
   defining Unicode char U+00F3 (decimal 243)
   defining Unicode char U+00F4 (decimal 244)
   defining Unicode char U+00F5 (decimal 245)
   defining Unicode char U+00F6 (decimal 246)
   defining Unicode char U+00F8 (decimal 248)
   defining Unicode char U+00F9 (decimal 249)
   defining Unicode char U+00FA (decimal 250)
   defining Unicode char U+00FB (decimal 251)
   defining Unicode char U+00FC (decimal 252)
   defining Unicode char U+00FD (decimal 253)
   defining Unicode char U+00FE (decimal 254)
   defining Unicode char U+00FF (decimal 255)
   defining Unicode char U+0102 (decimal 258)
   defining Unicode char U+0103 (decimal 259)
   defining Unicode char U+0104 (decimal 260)
   defining Unicode char U+0105 (decimal 261)
   defining Unicode char U+0106 (decimal 262)
   defining Unicode char U+0107 (decimal 263)
   defining Unicode char U+010C (decimal 268)
   defining Unicode char U+010D (decimal 269)
   defining Unicode char U+010E (decimal 270)
   defining Unicode char U+010F (decimal 271)
   defining Unicode char U+0110 (decimal 272)
   defining Unicode char U+0111 (decimal 273)
   defining Unicode char U+0118 (decimal 280)
   defining Unicode char U+0119 (decimal 281)
   defining Unicode char U+011A (decimal 282)
   defining Unicode char U+011B (decimal 283)
   defining Unicode char U+011E (decimal 286)
   defining Unicode char U+011F (decimal 287)
   defining Unicode char U+0130 (decimal 304)
   defining Unicode char U+0131 (decimal 305)
   defining Unicode char U+0132 (decimal 306)
   defining Unicode char U+0133 (decimal 307)
   defining Unicode char U+0139 (decimal 313)
   defining Unicode char U+013A (decimal 314)
   defining Unicode char U+013D (decimal 317)
   defining Unicode char U+013E (decimal 318)
   defining Unicode char U+0141 (decimal 321)
   defining Unicode char U+0142 (decimal 322)
   defining Unicode char U+0143 (decimal 323)
   defining Unicode char U+0144 (decimal 324)
   defining Unicode char U+0147 (decimal 327)
   defining Unicode char U+0148 (decimal 328)
   defining Unicode char U+014A (decimal 330)
   defining Unicode char U+014B (decimal 331)
   defining Unicode char U+0150 (decimal 336)
   defining Unicode char U+0151 (decimal 337)
   defining Unicode char U+0152 (decimal 338)
   defining Unicode char U+0153 (decimal 339)
   defining Unicode char U+0154 (decimal 340)
   defining Unicode char U+0155 (decimal 341)
   defining Unicode char U+0158 (decimal 344)
   defining Unicode char U+0159 (decimal 345)
   defining Unicode char U+015A (decimal 346)
   defining Unicode char U+015B (decimal 347)
   defining Unicode char U+015E (decimal 350)
   defining Unicode char U+015F (decimal 351)
   defining Unicode char U+0160 (decimal 352)
   defining Unicode char U+0161 (decimal 353)
   defining Unicode char U+0162 (decimal 354)
   defining Unicode char U+0163 (decimal 355)
   defining Unicode char U+0164 (decimal 356)
   defining Unicode char U+0165 (decimal 357)
   defining Unicode char U+016E (decimal 366)
   defining Unicode char U+016F (decimal 367)
   defining Unicode char U+0170 (decimal 368)
   defining Unicode char U+0171 (decimal 369)
   defining Unicode char U+0178 (decimal 376)
   defining Unicode char U+0179 (decimal 377)
   defining Unicode char U+017A (decimal 378)
   defining Unicode char U+017B (decimal 379)
   defining Unicode char U+017C (decimal 380)
   defining Unicode char U+017D (decimal 381)
   defining Unicode char U+017E (decimal 382)
   defining Unicode char U+200C (decimal 8204)
   defining Unicode char U+2013 (decimal 8211)
   defining Unicode char U+2014 (decimal 8212)
   defining Unicode char U+2018 (decimal 8216)
   defining Unicode char U+2019 (decimal 8217)
   defining Unicode char U+201A (decimal 8218)
   defining Unicode char U+201C (decimal 8220)
   defining Unicode char U+201D (decimal 8221)
   defining Unicode char U+201E (decimal 8222)
   defining Unicode char U+2030 (decimal 8240)
   defining Unicode char U+2031 (decimal 8241)
   defining Unicode char U+2039 (decimal 8249)
   defining Unicode char U+203A (decimal 8250)
   defining Unicode char U+2423 (decimal 9251)
)
Now handling font encoding OT1 ...
... processing UTF-8 mapping file for font encoding OT1

(/usr/local/texlive/2012/texmf-dist/tex/latex/base/ot1enc.dfu
File: ot1enc.dfu 2008/04/05 v1.1m UTF-8 support for inputenc
   defining Unicode char U+00A1 (decimal 161)
   defining Unicode char U+00A3 (decimal 163)
   defining Unicode char U+00B8 (decimal 184)
   defining Unicode char U+00BF (decimal 191)
   defining Unicode char U+00C5 (decimal 197)
   defining Unicode char U+00C6 (decimal 198)
   defining Unicode char U+00D8 (decimal 216)
   defining Unicode char U+00DF (decimal 223)
   defining Unicode char U+00E6 (decimal 230)
   defining Unicode char U+00EC (decimal 236)
   defining Unicode char U+00ED (decimal 237)
   defining Unicode char U+00EE (decimal 238)
   defining Unicode char U+00EF (decimal 239)
   defining Unicode char U+00F8 (decimal 248)
   defining Unicode char U+0131 (decimal 305)
   defining Unicode char U+0141 (decimal 321)
   defining Unicode char U+0142 (decimal 322)
   defining Unicode char U+0152 (decimal 338)
   defining Unicode char U+0153 (decimal 339)
   defining Unicode char U+2013 (decimal 8211)
   defining Unicode char U+2014 (decimal 8212)
   defining Unicode char U+2018 (decimal 8216)
   defining Unicode char U+2019 (decimal 8217)
   defining Unicode char U+201C (decimal 8220)
   defining Unicode char U+201D (decimal 8221)
)
Now handling font encoding OMS ...
... processing UTF-8 mapping file for font encoding OMS

(/usr/local/texlive/2012/texmf-dist/tex/latex/base/omsenc.dfu
File: omsenc.dfu 2008/04/05 v1.1m UTF-8 support for inputenc
   defining Unicode char U+00A7 (decimal 167)
   defining Unicode char U+00B6 (decimal 182)
   defining Unicode char U+00B7 (decimal 183)
   defining Unicode char U+2020 (decimal 8224)
   defining Unicode char U+2021 (decimal 8225)
   defining Unicode char U+2022 (decimal 8226)
)
Now handling font encoding OMX ...
... no UTF-8 mapping file for font encoding OMX
Now handling font encoding U ...
... no UTF-8 mapping file for font encoding U
   defining Unicode char U+00A9 (decimal 169)
   defining Unicode char U+00AA (decimal 170)
   defining Unicode char U+00AE (decimal 174)
   defining Unicode char U+00BA (decimal 186)
   defining Unicode char U+02C6 (decimal 710)
   defining Unicode char U+02DC (decimal 732)
   defining Unicode char U+200C (decimal 8204)
   defining Unicode char U+2026 (decimal 8230)
   defining Unicode char U+2122 (decimal 8482)
   defining Unicode char U+2423 (decimal 9251)
))
(/usr/local/texlive/2012/texmf-dist/tex/latex/listings/listings.sty
\lst@mode=\count125
\lst@gtempboxa=\box38
\lst@token=\toks31
\lst@length=\count126
\lst@currlwidth=\dimen161
\lst@column=\count127
\lst@pos=\count128
\lst@lostspace=\dimen162
\lst@width=\dimen163
\lst@newlines=\count129
\lst@lineno=\count130
\lst@maxwidth=\dimen164

(/usr/local/texlive/2012/texmf-dist/tex/latex/listings/lstmisc.sty
File: lstmisc.sty 2007/02/22 1.4 (Carsten Heinz)
\c@lstnumber=\count131
\lst@skipnumbers=\count132
\lst@framebox=\box39
)
(/usr/local/texlive/2012/texmf-dist/tex/latex/listings/listings.cfg
File: listings.cfg 2007/02/22 1.4 listings configuration
))
Package: listings 2007/02/22 1.4 (Carsten Heinz)

(./titlesec.sty
Package: titlesec 2011/12/15 v2.10.0 Sectioning titles
\ttl@box=\box40
\beforetitleunit=\skip59
\aftertitleunit=\skip60
\ttl@plus=\dimen165
\ttl@minus=\dimen166
\ttl@toksa=\toks32
\titlewidth=\dimen167
\titlewidthlast=\dimen168
\titlewidthfirst=\dimen169
) (./etoolbox.sty
Package: etoolbox 2011/01/03 v2.1 e-TeX tools for LaTeX

(/usr/local/texlive/2012/texmf-dist/tex/latex/etex-pkg/etex.sty
Package: etex 1998/03/26 v2.0 eTeX basic definition package (PEB)
\et@xins=\count133
)
\etb@tempcnta=\count134
)
(/usr/local/texlive/2012/texmf-dist/tex/latex/base/alltt.sty
Package: alltt 1997/06/16 v2.0g defines alltt environment
) (./tocloft.sty
Package: tocloft 2013/05/02 v2.3f parameterised ToC, etc., typesetting
Package tocloft Info: The document has chapter divisions on input line 44.
\cftparskip=\skip61
\cftbeforetoctitleskip=\skip62
\cftaftertoctitleskip=\skip63
\cftbeforepartskip=\skip64
\cftpartnumwidth=\skip65
\cftpartindent=\skip66
\cftbeforechapskip=\skip67
\cftchapindent=\skip68
\cftchapnumwidth=\skip69
\cftbeforesecskip=\skip70
\cftsecindent=\skip71
\cftsecnumwidth=\skip72
\cftbeforesubsecskip=\skip73
\cftsubsecindent=\skip74
\cftsubsecnumwidth=\skip75
\cftbeforesubsubsecskip=\skip76
\cftsubsubsecindent=\skip77
\cftsubsubsecnumwidth=\skip78
\cftbeforeparaskip=\skip79
\cftparaindent=\skip80
\cftparanumwidth=\skip81
\cftbeforesubparaskip=\skip82
\cftsubparaindent=\skip83
\cftsubparanumwidth=\skip84
\cftbeforeloftitleskip=\skip85
\cftafterloftitleskip=\skip86
\cftbeforefigskip=\skip87
\cftfigindent=\skip88
\cftfignumwidth=\skip89
\c@lofdepth=\count135
\c@lotdepth=\count136
\cftbeforelottitleskip=\skip90
\cftafterlottitleskip=\skip91
\cftbeforetabskip=\skip92
\cfttabindent=\skip93
\cfttabnumwidth=\skip94
)
(./main.aux (./dedication.aux) (./acknowledgment.aux) (./intro.aux)
(./chpt2.aux) (./chpt3.aux) (./chpt4.aux) (./chpt5.aux) (./appen.aux))
\openout1 = `main.aux'.

LaTeX Font Info:    Checking defaults for OML/cmm/m/it on input line 221.
LaTeX Font Info:    ... okay on input line 221.
LaTeX Font Info:    Checking defaults for T1/cmr/m/n on input line 221.
LaTeX Font Info:    ... okay on input line 221.
LaTeX Font Info:    Checking defaults for OT1/cmr/m/n on input line 221.
LaTeX Font Info:    ... okay on input line 221.
LaTeX Font Info:    Checking defaults for OMS/cmsy/m/n on input line 221.
LaTeX Font Info:    ... okay on input line 221.
LaTeX Font Info:    Checking defaults for OMX/cmex/m/n on input line 221.
LaTeX Font Info:    ... okay on input line 221.
LaTeX Font Info:    Checking defaults for U/cmr/m/n on input line 221.
LaTeX Font Info:    ... okay on input line 221.
LaTeX Font Info:    Try loading font information for T1+lmr on input line 221.

(/usr/local/texlive/2012/texmf-dist/tex/latex/lm/t1lmr.fd
File: t1lmr.fd 2009/10/30 v1.6 Font defs for Latin Modern
)
(/usr/local/texlive/2012/texmf-dist/tex/context/base/supp-pdf.mkii
[Loading MPS to PDF converter (version 2006.09.02).]
\scratchcounter=\count137
\scratchdimen=\dimen170
\scratchbox=\box41
\nofMPsegments=\count138
\nofMParguments=\count139
\everyMPshowfont=\toks33
\MPscratchCnt=\count140
\MPscratchDim=\dimen171
\MPnumerator=\count141
\makeMPintoPDFobject=\count142
\everyMPtoPDFconversion=\toks34
)
Package caption Info: Begin \AtBeginDocument code.
Package caption Info: listings package is loaded.
Package caption Info: longtable package is loaded.
 (/usr/local/texlive/2012/texmf-dist/tex/latex/caption/ltcaption.sty
Package: ltcaption 2011/09/12 v1.3 longtable captions (AR)
)
Package caption Info: rotating package is loaded.
Package caption Info: End \AtBeginDocument code.

*geometry* driver: auto-detecting
*geometry* detected driver: pdftex
*geometry* verbose mode - [ preamble ] result:
* driver: pdftex
* paper: a4paper
* layout: <same size as paper>
* layoutoffset:(h,v)=(0.0pt,0.0pt)
* modes: 
* h-part:(L,W,R)=(72.26999pt, 452.9679pt, 72.26999pt)
* v-part:(T,H,B)=(72.26999pt, 700.50687pt, 72.26999pt)
* \paperwidth=597.50787pt
* \paperheight=845.04684pt
* \textwidth=452.9679pt
* \textheight=700.50687pt
* \oddsidemargin=0.0pt
* \evensidemargin=0.0pt
* \topmargin=-37.0pt
* \headheight=12.0pt
* \headsep=25.0pt
* \topskip=12.0pt
* \footskip=18.06749pt
* \marginparwidth=35.0pt
* \marginparsep=10.0pt
* \columnsep=10.0pt
* \skip\footins=10.8pt plus 4.0pt minus 2.0pt
* \hoffset=0.0pt
* \voffset=0.0pt
* \mag=1000
* \@twocolumnfalse
* \@twosidefalse
* \@mparswitchfalse
* \@reversemarginfalse
* (1in=72.27pt=25.4mm, 1cm=28.453pt)

\c@lstlisting=\count143
(./titlepage.tex
LaTeX Font Info:    Try loading font information for OMS+lmr on input line 45.
 (/usr/local/texlive/2012/texmf-dist/tex/latex/lm/omslmr.fd
File: omslmr.fd 2009/10/30 v1.6 Font defs for Latin Modern
)
LaTeX Font Info:    Try loading font information for OMS+lmsy on input line 45.


(/usr/local/texlive/2012/texmf-dist/tex/latex/lm/omslmsy.fd
File: omslmsy.fd 2009/10/30 v1.6 Font defs for Latin Modern
)
LaTeX Font Info:    Font shape `OMS/lmr/m/n' in size <12> not available
(Font)              Font shape `OMS/lmsy/m/n' tried instead on input line 45.
 [1

{/usr/local/texlive/2012/texmf-var/fonts/map/pdftex/updmap/pdftex.map}])
\openout2 = `./dedication.aux'.

 (./dedication.tex)
[1



]
\openout2 = `./acknowledgment.aux'.

 (./acknowledgment.tex) [2




] (./main.toc
LaTeX Font Info:    Try loading font information for OT1+lmr on input line 5.

(/usr/local/texlive/2012/texmf-dist/tex/latex/lm/ot1lmr.fd
File: ot1lmr.fd 2009/10/30 v1.6 Font defs for Latin Modern
)
LaTeX Font Info:    Try loading font information for OML+lmm on input line 5.

(/usr/local/texlive/2012/texmf-dist/tex/latex/lm/omllmm.fd
File: omllmm.fd 2009/10/30 v1.6 Font defs for Latin Modern
)
LaTeX Font Info:    Try loading font information for OMX+lmex on input line 5.

(/usr/local/texlive/2012/texmf-dist/tex/latex/lm/omxlmex.fd
File: omxlmex.fd 2009/10/30 v1.6 Font defs for Latin Modern
)
LaTeX Font Info:    External font `lmex10' loaded for size
(Font)              <12> on input line 5.
LaTeX Font Info:    External font `lmex10' loaded for size
(Font)              <8> on input line 5.
LaTeX Font Info:    External font `lmex10' loaded for size
(Font)              <6> on input line 5.
 [1

])
\tf@toc=\write3
\openout3 = `main.toc'.

 [2]
(./main.lot)
\tf@lot=\write4
\openout4 = `main.lot'.

 [3

] (./main.lof [4

] [5] [6])
\tf@lof=\write5
\openout5 = `main.lof'.

 [7] [6] [7]
\openout2 = `intro.aux'.

 (./intro.tex
Chapter 1.
[1



] [2] [3] (./intro.bbl [4] [5] [6] [7])) [8]
\openout2 = `chpt2.aux'.

 (./chpt2.tex
Chapter 2.
[9




] [10] [11] (./chpt2.bbl [12])) [13]
\openout2 = `chpt3.aux'.

 (./chpt3.tex
Chapter 3.
LaTeX Font Info:    External font `lmex10' loaded for size
(Font)              <10> on input line 1.
LaTeX Font Info:    External font `lmex10' loaded for size
(Font)              <7> on input line 1.
LaTeX Font Info:    External font `lmex10' loaded for size
(Font)              <5> on input line 1.
[14




] [15] [16] [17] [18]

LaTeX Warning: Command \textordmasculine invalid in math mode on input line 72.



LaTeX Warning: Command \textordmasculine invalid in math mode on input line 72.



LaTeX Warning: Command \textordmasculine invalid in math mode on input line 72.


[19] [20] [21] [22] [23] [24] [25] [26] [27] [28] [29] [30] [31] (./chpt3.bbl
[32

] [33] [34] [35] [36] [37]) [38]

LaTeX Warning: Command \textordmasculine invalid in math mode on input line 620
.


LaTeX Warning: Command \textordmasculine invalid in math mode on input line 622
.


LaTeX Warning: Command \textordmasculine invalid in math mode on input line 630
.


LaTeX Warning: Command \textordmasculine invalid in math mode on input line 632
.


LaTeX Warning: Command \textordmasculine invalid in math mode on input line 640
.


LaTeX Warning: Command \textordmasculine invalid in math mode on input line 642
.


LaTeX Warning: Command \textordmasculine invalid in math mode on input line 650
.


LaTeX Warning: Command \textordmasculine invalid in math mode on input line 652
.

LaTeX Font Info:    External font `lmex10' loaded for size
(Font)              <10.95> on input line 657.

LaTeX Warning: `!h' float specifier changed to `!ht'.

[39]
Overfull \hbox (6.57903pt too wide) in paragraph at lines 669--702
[]
 []

[40


] [41

]
Package epstopdf Info: Source file: <figs_chpt3/2012GC004432-p01.eps>
(epstopdf)                    date: 2013-01-20 14:32:06
(epstopdf)                    size: 935749 bytes
(epstopdf)             Output file: <figs_chpt3/2012GC004432-p01-eps-converted-
to.pdf>
(epstopdf)                    date: 2015-12-21 23:16:10
(epstopdf)                    size: 124434 bytes
(epstopdf)             Command: <repstopdf --outfile=figs_chpt3/2012GC004432-p0
1-eps-converted-to.pdf figs_chpt3/2012GC004432-p01.eps>
(epstopdf)             \includegraphics on input line 757.
Package epstopdf Info: Output file is already uptodate.

<figs_chpt3/2012GC004432-p01-eps-converted-to.pdf, id=182, 377.41pt x 258.9675p
t>
File: figs_chpt3/2012GC004432-p01-eps-converted-to.pdf Graphic file (type pdf)
 <use figs_chpt3/2012GC004432-p01-eps-converted-to.pdf>
Package pdftex.def Info: figs_chpt3/2012GC004432-p01-eps-converted-to.pdf used 
on input line 757.
(pdftex.def)             Requested size: 377.40907pt x 258.96684pt.
 [42 <./figs_chpt3/2012GC004432-p01-eps-converted-to.pdf>]
Package epstopdf Info: Source file: <figs_chpt3/2012GC004432-p02.eps>
(epstopdf)                    date: 2013-01-07 14:55:08
(epstopdf)                    size: 1925521 bytes
(epstopdf)             Output file: <figs_chpt3/2012GC004432-p02-eps-converted-
to.pdf>
(epstopdf)                    date: 2015-12-22 11:40:37
(epstopdf)                    size: 97852 bytes
(epstopdf)             Command: <repstopdf --outfile=figs_chpt3/2012GC004432-p0
2-eps-converted-to.pdf figs_chpt3/2012GC004432-p02.eps>
(epstopdf)             \includegraphics on input line 765.
Package epstopdf Info: Output file is already uptodate.

<figs_chpt3/2012GC004432-p02-eps-converted-to.pdf, id=195, 234.8775pt x 157.588
75pt>
File: figs_chpt3/2012GC004432-p02-eps-converted-to.pdf Graphic file (type pdf)
 <use figs_chpt3/2012GC004432-p02-eps-converted-to.pdf>
Package pdftex.def Info: figs_chpt3/2012GC004432-p02-eps-converted-to.pdf used 
on input line 765.
(pdftex.def)             Requested size: 234.87692pt x 157.58835pt.
 [43 <./figs_chpt3/2012GC004432-p02-eps-converted-to.pdf>]
<figs_chpt3/2012GC004432-p03.pdf, id=206, 450.34949pt x 634.7404pt>
File: figs_chpt3/2012GC004432-p03.pdf Graphic file (type pdf)

<use figs_chpt3/2012GC004432-p03.pdf>
Package pdftex.def Info: figs_chpt3/2012GC004432-p03.pdf used on input line 773
.
(pdftex.def)             Requested size: 450.34839pt x 634.73885pt.


LaTeX Warning: Float too large for page by 2.23196pt on input line 776.

[44 <./figs_chpt3/2012GC004432-p03.pdf>]
<figs_chpt3/2012GC004432-p04.pdf, id=283, 229.35687pt x 234.37563pt>
File: figs_chpt3/2012GC004432-p04.pdf Graphic file (type pdf)

<use figs_chpt3/2012GC004432-p04.pdf>
Package pdftex.def Info: figs_chpt3/2012GC004432-p04.pdf used on input line 781
.
(pdftex.def)             Requested size: 229.35631pt x 234.37503pt.
 [45 <./figs_chpt3/2012GC004432-p04.pdf>]
<figs_chpt3/2012GC004432-p05.pdf, id=301, 442.65375pt x 293.93114pt>
File: figs_chpt3/2012GC004432-p05.pdf Graphic file (type pdf)

<use figs_chpt3/2012GC004432-p05.pdf>
Package pdftex.def Info: figs_chpt3/2012GC004432-p05.pdf used on input line 789
.
(pdftex.def)             Requested size: 442.65265pt x 293.9304pt.
 [46 <./figs_chpt3/2012GC004432-p05.pdf>]
<figs_chpt3/2012GC004432-p06.pdf, id=319, 237.72112pt x 304.13625pt>
File: figs_chpt3/2012GC004432-p06.pdf Graphic file (type pdf)

<use figs_chpt3/2012GC004432-p06.pdf>
Package pdftex.def Info: figs_chpt3/2012GC004432-p06.pdf used on input line 797
.
(pdftex.def)             Requested size: 237.72052pt x 304.1355pt.
 [47 <./figs_chpt3/2012GC004432-p06.pdf>]
Package epstopdf Info: Source file: <figs_chpt3/2012GC004432-p07.eps>
(epstopdf)                    date: 2013-01-20 22:03:17
(epstopdf)                    size: 1257361 bytes
(epstopdf)             Output file: <figs_chpt3/2012GC004432-p07-eps-converted-
to.pdf>
(epstopdf)                    date: 2015-12-22 11:40:37
(epstopdf)                    size: 226217 bytes
(epstopdf)             Command: <repstopdf --outfile=figs_chpt3/2012GC004432-p0
7-eps-converted-to.pdf figs_chpt3/2012GC004432-p07.eps>
(epstopdf)             \includegraphics on input line 805.
Package epstopdf Info: Output file is already uptodate.

<figs_chpt3/2012GC004432-p07-eps-converted-to.pdf, id=368, 439.6425pt x 295.102
5pt>
File: figs_chpt3/2012GC004432-p07-eps-converted-to.pdf Graphic file (type pdf)
 <use figs_chpt3/2012GC004432-p07-eps-converted-to.pdf>
Package pdftex.def Info: figs_chpt3/2012GC004432-p07-eps-converted-to.pdf used 
on input line 805.
(pdftex.def)             Requested size: 439.64142pt x 295.10176pt.
 [48 <./figs_chpt3/2012GC004432-p07-eps-converted-to.pdf>]
Package epstopdf Info: Source file: <figs_chpt3/2012GC004432-p08.eps>
(epstopdf)                    date: 2013-01-10 23:16:51
(epstopdf)                    size: 4306878 bytes
(epstopdf)             Output file: <figs_chpt3/2012GC004432-p08-eps-converted-
to.pdf>
(epstopdf)                    date: 2015-12-22 11:40:38
(epstopdf)                    size: 471376 bytes
(epstopdf)             Command: <repstopdf --outfile=figs_chpt3/2012GC004432-p0
8-eps-converted-to.pdf figs_chpt3/2012GC004432-p08.eps>
(epstopdf)             \includegraphics on input line 813.
Package epstopdf Info: Output file is already uptodate.

<figs_chpt3/2012GC004432-p08-eps-converted-to.pdf, id=382, 358.33875pt x 260.97
5pt>
File: figs_chpt3/2012GC004432-p08-eps-converted-to.pdf Graphic file (type pdf)
 <use figs_chpt3/2012GC004432-p08-eps-converted-to.pdf>
Package pdftex.def Info: figs_chpt3/2012GC004432-p08-eps-converted-to.pdf used 
on input line 813.
(pdftex.def)             Requested size: 358.33788pt x 260.97437pt.
 [49 <./figs_chpt3/2012GC004432-p08-eps-converted-to.pdf>]
<figs_chpt3/2012GC004432-p09.pdf, id=406, 239.46965pt x 381.92688pt>
File: figs_chpt3/2012GC004432-p09.pdf Graphic file (type pdf)

<use figs_chpt3/2012GC004432-p09.pdf>
Package pdftex.def Info: figs_chpt3/2012GC004432-p09.pdf used on input line 821
.
(pdftex.def)             Requested size: 239.46906pt x 381.92593pt.
 [50 <./figs_chpt3/2012GC004432-p09.pdf>]
<figs_chpt3/2012GC004432-p10.pdf, id=423, 229.35687pt x 234.37563pt>
File: figs_chpt3/2012GC004432-p10.pdf Graphic file (type pdf)

<use figs_chpt3/2012GC004432-p10.pdf>
Package pdftex.def Info: figs_chpt3/2012GC004432-p10.pdf used on input line 829
.
(pdftex.def)             Requested size: 229.35631pt x 234.37503pt.
 [51 <./figs_chpt3/2012GC004432-p10.pdf>]
<figs_chpt3/2012GC004432-p11.pdf, id=441, 393.32045pt x 337.17668pt>
File: figs_chpt3/2012GC004432-p11.pdf Graphic file (type pdf)

<use figs_chpt3/2012GC004432-p11.pdf>
Package pdftex.def Info: figs_chpt3/2012GC004432-p11.pdf used on input line 837
.
(pdftex.def)             Requested size: 393.31949pt x 337.17584pt.
 [52 <./figs_chpt3/2012GC004432-p11.pdf>]
<figs_chpt3/2012GC004432-p12a.pdf, id=500, 451.22177pt x 457.04051pt>
File: figs_chpt3/2012GC004432-p12a.pdf Graphic file (type pdf)

<use figs_chpt3/2012GC004432-p12a.pdf>
Package pdftex.def Info: figs_chpt3/2012GC004432-p12a.pdf used on input line 84
5.
(pdftex.def)             Requested size: 451.22066pt x 457.0394pt.

<figs_chpt3/2012GC004432-p12b.pdf, id=501, 451.22177pt x 457.04051pt>
File: figs_chpt3/2012GC004432-p12b.pdf Graphic file (type pdf)

<use figs_chpt3/2012GC004432-p12b.pdf>
Package pdftex.def Info: figs_chpt3/2012GC004432-p12b.pdf used on input line 85
0.
(pdftex.def)             Requested size: 451.22066pt x 457.0394pt.
 [53 <./figs_chpt3/2012GC004432-p12a.pdf>] [54 <./figs_chpt3/2012GC004432-p12b.
pdf>]
<figs_chpt3/2012GC004432-p13.pdf, id=580, 300.2427pt x 311.1625pt>
File: figs_chpt3/2012GC004432-p13.pdf Graphic file (type pdf)

<use figs_chpt3/2012GC004432-p13.pdf>
Package pdftex.def Info: figs_chpt3/2012GC004432-p13.pdf used on input line 858
.
(pdftex.def)             Requested size: 300.24196pt x 311.16174pt.
 [55 <./figs_chpt3/2012GC004432-p13.pdf>]
<figs_chpt3/2012GC004432-f14.pdf, id=607, 222.33063pt x 440.59105pt>
File: figs_chpt3/2012GC004432-f14.pdf Graphic file (type pdf)

<use figs_chpt3/2012GC004432-f14.pdf>
Package pdftex.def Info: figs_chpt3/2012GC004432-f14.pdf used on input line 867
.
(pdftex.def)             Requested size: 222.33006pt x 440.58997pt.
 [56 <./figs_chpt3/2012GC004432-f14.pdf>]
<figs_chpt3/2012GC004432-p15.pdf, id=659, 303.46976pt x 275.69699pt>
File: figs_chpt3/2012GC004432-p15.pdf Graphic file (type pdf)

<use figs_chpt3/2012GC004432-p15.pdf>
Package pdftex.def Info: figs_chpt3/2012GC004432-p15.pdf used on input line 875
.
(pdftex.def)             Requested size: 303.469pt x 275.6963pt.
 [57 <./figs_chpt3/2012GC004432-p15.pdf>]
<figs_chpt3/2012GC004432-p16.pdf, id=694, 455.27191pt x 223.78506pt>
File: figs_chpt3/2012GC004432-p16.pdf Graphic file (type pdf)

<use figs_chpt3/2012GC004432-p16.pdf>
Package pdftex.def Info: figs_chpt3/2012GC004432-p16.pdf used on input line 883
.
(pdftex.def)             Requested size: 455.2708pt x 223.7845pt.

Overfull \hbox (2.3029pt too wide) in paragraph at lines 883--884
 [][] 
 []

) [58 <./figs_chpt3/2012GC004432-p16.pdf>]
\openout2 = `chpt4.aux'.

 (./chpt4.tex
Chapter 4.
[59




















] [60] [61] [62] [63] [64]

LaTeX Warning: Command \textordmasculine invalid in math mode on input line 42.



LaTeX Warning: Command \textordmasculine invalid in math mode on input line 42.


[65] [66] [67] [68]

LaTeX Warning: Command \textordmasculine invalid in math mode on input line 61.



LaTeX Warning: Command \textordmasculine invalid in math mode on input line 61.


[69] [70] [71] (./chpt4.bbl [72] [73] [74] [75] [76] [77] [78] [79]) [80]
<figs_chpt4/Fig1.pdf, id=873, 241.84856pt x 238.53114pt>
File: figs_chpt4/Fig1.pdf Graphic file (type pdf)

<use figs_chpt4/Fig1.pdf>
Package pdftex.def Info: figs_chpt4/Fig1.pdf used on input line 136.
(pdftex.def)             Requested size: 241.84796pt x 238.53055pt.
 [81 <./figs_chpt4/Fig1.pdf>]
<figs_chpt4/Fig2.pdf, id=1061, 241.84856pt x 209.78375pt>
File: figs_chpt4/Fig2.pdf Graphic file (type pdf)

<use figs_chpt4/Fig2.pdf>
Package pdftex.def Info: figs_chpt4/Fig2.pdf used on input line 144.
(pdftex.def)             Requested size: 241.84796pt x 209.78322pt.
 [82 <./figs_chpt4/Fig2.pdf>]
<figs_chpt4/Fig3.pdf, id=1085, 241.84856pt x 369.8859pt>
File: figs_chpt4/Fig3.pdf Graphic file (type pdf)

<use figs_chpt4/Fig3.pdf>
Package pdftex.def Info: figs_chpt4/Fig3.pdf used on input line 152.
(pdftex.def)             Requested size: 241.84796pt x 369.88498pt.
 [83 <./figs_chpt4/Fig3.pdf>]
<figs_chpt4/Fig4.pdf, id=1109, 241.84856pt x 243.57701pt>
File: figs_chpt4/Fig4.pdf Graphic file (type pdf)

<use figs_chpt4/Fig4.pdf>
Package pdftex.def Info: figs_chpt4/Fig4.pdf used on input line 160.
(pdftex.def)             Requested size: 241.84796pt x 243.5764pt.
 [84 <./figs_chpt4/Fig4.pdf>]
<figs_chpt4/Fig5.pdf, id=1138, 512.14938pt x 356.33125pt>
File: figs_chpt4/Fig5.pdf Graphic file (type pdf)

<use figs_chpt4/Fig5.pdf>
Package pdftex.def Info: figs_chpt4/Fig5.pdf used on input line 168.
(pdftex.def)             Requested size: 512.14813pt x 356.33037pt.

Overfull \hbox (59.18024pt too wide) in paragraph at lines 168--169
 [][] 
 []


LaTeX Warning: Command \textordmasculine invalid in math mode on input line 169
.


LaTeX Warning: Command \textordmasculine invalid in math mode on input line 169
.


LaTeX Warning: Command \textordmasculine invalid in math mode on input line 169
.


LaTeX Warning: Command \textordmasculine invalid in math mode on input line 169
.

) [85 <./figs_chpt4/Fig5.pdf>]
\openout2 = `chpt5.aux'.

 (./chpt5.tex
Chapter 5.
[86









] [87] [88] [89] [90] [91]

Package natbib Warning: Citation `]' on page 92 undefined on input line 144.

[92]
Underfull \hbox (badness 1052) in paragraph at lines 163--164
[]\T1/lmr/m/n/12 Fluid prop-er-ties (CO$[]$, wa-ter, methane and oil) at reser-
voir pres-sure (16
 []

[93] [94] [95] [96] [97] [98] [99] (./chpt5.bbl [100

] [101] [102]) [103]
[104

] [105

] [106

] <figs_paper3/Fig1a.pdf, id=1227, 402.02596pt x 485.815pt>
File: figs_paper3/Fig1a.pdf Graphic file (type pdf)

<use figs_paper3/Fig1a.pdf>
Package pdftex.def Info: figs_paper3/Fig1a.pdf used on input line 280.
(pdftex.def)             Requested size: 402.02496pt x 485.81381pt.
 [107 <./figs_paper3/Fig1a.pdf>]
<figs_paper3/Fig1b.pdf, id=1442, 402.02596pt x 426.35185pt>
File: figs_paper3/Fig1b.pdf Graphic file (type pdf)

<use figs_paper3/Fig1b.pdf>
Package pdftex.def Info: figs_paper3/Fig1b.pdf used on input line 287.
(pdftex.def)             Requested size: 402.02496pt x 426.3508pt.
 [108 <./figs_paper3/Fig1b.pdf>]
<figs_paper3/Fig2.pdf, id=1633, 398.3382pt x 226.178pt>
File: figs_paper3/Fig2.pdf Graphic file (type pdf)

<use figs_paper3/Fig2.pdf>
Package pdftex.def Info: figs_paper3/Fig2.pdf used on input line 295.
(pdftex.def)             Requested size: 398.33722pt x 226.17743pt.
 [109 <./figs_paper3/Fig2.pdf>]
Package epstopdf Info: Source file: <figs_paper3/Fig3.eps>
(epstopdf)                    date: 2015-04-30 17:28:23
(epstopdf)                    size: 2750038 bytes
(epstopdf)             Output file: <figs_paper3/Fig3-eps-converted-to.pdf>
(epstopdf)                    date: 2015-10-08 11:42:24
(epstopdf)                    size: 136497 bytes
(epstopdf)             Command: <repstopdf --outfile=figs_paper3/Fig3-eps-conve
rted-to.pdf figs_paper3/Fig3.eps>
(epstopdf)             \includegraphics on input line 303.
Package epstopdf Info: Output file is already uptodate.

<figs_paper3/Fig3-eps-converted-to.pdf, id=1665, 242.9075pt x 183.68625pt>
File: figs_paper3/Fig3-eps-converted-to.pdf Graphic file (type pdf)

<use figs_paper3/Fig3-eps-converted-to.pdf>
Package pdftex.def Info: figs_paper3/Fig3-eps-converted-to.pdf used on input li
ne 303.
(pdftex.def)             Requested size: 242.90689pt x 183.68578pt.
 [110 <./figs_paper3/Fig3-eps-converted-to.pdf>] <figs_paper3/Fig4.pdf, id=1683
, 256.07469pt x 386.53708pt>
File: figs_paper3/Fig4.pdf Graphic file (type pdf)

<use figs_paper3/Fig4.pdf>
Package pdftex.def Info: figs_paper3/Fig4.pdf used on input line 311.
(pdftex.def)             Requested size: 256.07405pt x 386.53613pt.
 [111 <./figs_paper3/Fig4.pdf>]
<figs_paper3/Fig5.pdf, id=1710, 488.08247pt x 288.3272pt>
File: figs_paper3/Fig5.pdf Graphic file (type pdf)

<use figs_paper3/Fig5.pdf>
Package pdftex.def Info: figs_paper3/Fig5.pdf used on input line 319.
(pdftex.def)             Requested size: 452.9679pt x 267.59157pt.
 [112 <./figs_paper3/Fig5.pdf>]
<figs_paper3/Fig6.pdf, id=1849, 468.421pt x 374.59146pt>
File: figs_paper3/Fig6.pdf Graphic file (type pdf)

<use figs_paper3/Fig6.pdf>
Package pdftex.def Info: figs_paper3/Fig6.pdf used on input line 327.
(pdftex.def)             Requested size: 468.41985pt x 374.59055pt.

Overfull \hbox (15.45195pt too wide) in paragraph at lines 327--328
 [][] 
 []

[113 <./figs_paper3/Fig6.pdf>]
<figs_paper3/Fig7.pdf, id=1914, 529.22118pt x 362.50932pt>
File: figs_paper3/Fig7.pdf Graphic file (type pdf)

<use figs_paper3/Fig7.pdf>
Package pdftex.def Info: figs_paper3/Fig7.pdf used on input line 335.
(pdftex.def)             Requested size: 452.9679pt x 310.27504pt.
 [114 <./figs_paper3/Fig7.pdf>]
<figs_paper3/Fig8.pdf, id=1984, 540.60269pt x 163.61125pt>
File: figs_paper3/Fig8.pdf Graphic file (type pdf)

<use figs_paper3/Fig8.pdf>
Package pdftex.def Info: figs_paper3/Fig8.pdf used on input line 343.
(pdftex.def)             Requested size: 452.9679pt x 137.09048pt.
 [115 <./figs_paper3/Fig8.pdf>]
Package epstopdf Info: Source file: <figs_paper3/Fig9.eps>
(epstopdf)                    date: 2015-06-22 12:44:36
(epstopdf)                    size: 389466 bytes
(epstopdf)             Output file: <figs_paper3/Fig9-eps-converted-to.pdf>
(epstopdf)                    date: 2015-10-08 11:49:26
(epstopdf)                    size: 22429 bytes
(epstopdf)             Command: <repstopdf --outfile=figs_paper3/Fig9-eps-conve
rted-to.pdf figs_paper3/Fig9.eps>
(epstopdf)             \includegraphics on input line 351.
Package epstopdf Info: Output file is already uptodate.

<figs_paper3/Fig9-eps-converted-to.pdf, id=2036, 217.81375pt x 255.95625pt>
File: figs_paper3/Fig9-eps-converted-to.pdf Graphic file (type pdf)

<use figs_paper3/Fig9-eps-converted-to.pdf>
Package pdftex.def Info: figs_paper3/Fig9-eps-converted-to.pdf used on input li
ne 351.
(pdftex.def)             Requested size: 217.8132pt x 255.95561pt.
 [116 <./figs_paper3/Fig9-eps-converted-to.pdf>] <figs_paper3/Fig10.pdf, id=205
2, 255.95625pt x 220.76477pt>
File: figs_paper3/Fig10.pdf Graphic file (type pdf)

<use figs_paper3/Fig10.pdf>
Package pdftex.def Info: figs_paper3/Fig10.pdf used on input line 359.
(pdftex.def)             Requested size: 255.95561pt x 220.76422pt.
 [117 <./figs_paper3/Fig10.pdf>]
<figs_paper3/Fig11.pdf, id=2090, 546.50775pt x 231.6093pt>
File: figs_paper3/Fig11.pdf Graphic file (type pdf)

<use figs_paper3/Fig11.pdf>
Package pdftex.def Info: figs_paper3/Fig11.pdf used on input line 367.
(pdftex.def)             Requested size: 452.9679pt x 191.96707pt.
) [118 <./figs_paper3/Fig11.pdf>]
\openout2 = `appen.aux'.

 (./appen.tex
[119
















] [120] [121] [122] [123] [124] [125] [126]

LaTeX Warning: Command \textordmasculine invalid in math mode on input line 147
.


LaTeX Warning: Command \textordmasculine invalid in math mode on input line 147
.

[127] [128] [129] [130]
</Users/qianyang/Dropbox/Disseratation/dissertation_latex/copyright/copyright.p
ng, id=2319, 370.38374pt x 298.11375pt>
File: /Users/qianyang/Dropbox/Disseratation/dissertation_latex/copyright/copyri
ght.png Graphic file (type png)

<use /Users/qianyang/Dropbox/Disseratation/dissertation_latex/copyright/copyrig
ht.png>
Package pdftex.def Info: /Users/qianyang/Dropbox/Disseratation/dissertation_lat
ex/copyright/copyright.png used on input line 162.
(pdftex.def)             Requested size: 407.66833pt x 328.12628pt.
 [131 </Users/qianyang/Dropbox/Disseratation/dissertation_latex/copyright/copyr
ight.png>] (./appen.bbl [132

] [133] [134] [135]) [136] [137

] [138

]

LaTeX Warning: Command \textordmasculine invalid in math mode on input line 257
.


LaTeX Warning: Command \textordmasculine invalid in math mode on input line 259
.


LaTeX Warning: Command \textordmasculine invalid in math mode on input line 267
.


LaTeX Warning: Command \textordmasculine invalid in math mode on input line 269
.


LaTeX Warning: Command \textordmasculine invalid in math mode on input line 277
.


LaTeX Warning: Command \textordmasculine invalid in math mode on input line 279
.


LaTeX Warning: Command \textordmasculine invalid in math mode on input line 287
.


LaTeX Warning: Command \textordmasculine invalid in math mode on input line 289
.


LaTeX Warning: Command \textordmasculine invalid in math mode on input line 297
.


LaTeX Warning: Command \textordmasculine invalid in math mode on input line 299
.


LaTeX Warning: Command \textordmasculine invalid in math mode on input line 307
.

[139

]

LaTeX Warning: Command \textordmasculine invalid in math mode on input line 309
.


LaTeX Warning: Command \textordmasculine invalid in math mode on input line 317
.


LaTeX Warning: Command \textordmasculine invalid in math mode on input line 319
.


LaTeX Warning: Command \textordmasculine invalid in math mode on input line 327
.

[140]

LaTeX Warning: Command \textordmasculine invalid in math mode on input line 329
.


LaTeX Warning: Command \textordmasculine invalid in math mode on input line 337
.


LaTeX Warning: Command \textordmasculine invalid in math mode on input line 339
.


LaTeX Warning: Command \textordmasculine invalid in math mode on input line 347
.


LaTeX Warning: Command \textordmasculine invalid in math mode on input line 349
.


LaTeX Warning: Command \textordmasculine invalid in math mode on input line 357
.


LaTeX Warning: Command \textordmasculine invalid in math mode on input line 359
.


LaTeX Warning: Command \textordmasculine invalid in math mode on input line 367
.

[141]

LaTeX Warning: Command \textordmasculine invalid in math mode on input line 369
.


LaTeX Warning: Command \textordmasculine invalid in math mode on input line 377
.


LaTeX Warning: Command \textordmasculine invalid in math mode on input line 379
.


LaTeX Warning: Command \textordmasculine invalid in math mode on input line 387
.

[142]

LaTeX Warning: Command \textordmasculine invalid in math mode on input line 389
.


LaTeX Warning: Command \textordmasculine invalid in math mode on input line 397
.


LaTeX Warning: Command \textordmasculine invalid in math mode on input line 399
.


LaTeX Warning: Command \textordmasculine invalid in math mode on input line 407
.


LaTeX Warning: Command \textordmasculine invalid in math mode on input line 409
.


LaTeX Warning: Command \textordmasculine invalid in math mode on input line 417
.


LaTeX Warning: Command \textordmasculine invalid in math mode on input line 419
.


LaTeX Warning: Command \textordmasculine invalid in math mode on input line 427
.

[143]

LaTeX Warning: Command \textordmasculine invalid in math mode on input line 429
.

[144] [145] <figs_chpt3/2012GC004432-pA01.pdf, id=2368, 216.81pt x 144.54pt>
File: figs_chpt3/2012GC004432-pA01.pdf Graphic file (type pdf)

<use figs_chpt3/2012GC004432-pA01.pdf>
Package pdftex.def Info: figs_chpt3/2012GC004432-pA01.pdf used on input line 44
5.
(pdftex.def)             Requested size: 216.80946pt x 144.53963pt.
 [146 <./figs_chpt3/2012GC004432-pA01.pdf>] <figs_chpt3/2012GC004432-pA02.pdf, 
id=2948, 216.81pt x 144.54pt>
File: figs_chpt3/2012GC004432-pA02.pdf Graphic file (type pdf)

<use figs_chpt3/2012GC004432-pA02.pdf>
Package pdftex.def Info: figs_chpt3/2012GC004432-pA02.pdf used on input line 45
3.
(pdftex.def)             Requested size: 216.80946pt x 144.53963pt.
 [147 <./figs_chpt3/2012GC004432-pA02.pdf>] <figs_chpt3/2012GC004432-pA03.pdf, 
id=3489, 221.41017pt x 144.70763pt>
File: figs_chpt3/2012GC004432-pA03.pdf Graphic file (type pdf)

<use figs_chpt3/2012GC004432-pA03.pdf>
Package pdftex.def Info: figs_chpt3/2012GC004432-pA03.pdf used on input line 46
1.
(pdftex.def)             Requested size: 221.40962pt x 144.70726pt.
 [148 <./figs_chpt3/2012GC004432-pA03.pdf>] <figs_chpt3/2012GC004432-pA04.pdf, 
id=3516, 471.7625pt x 377.41pt>
File: figs_chpt3/2012GC004432-pA04.pdf Graphic file (type pdf)

<use figs_chpt3/2012GC004432-pA04.pdf>
Package pdftex.def Info: figs_chpt3/2012GC004432-pA04.pdf used on input line 46
9.
(pdftex.def)             Requested size: 471.76134pt x 377.40907pt.

Overfull \hbox (18.79344pt too wide) in paragraph at lines 469--470
 [][] 
 []

[149 <./figs_chpt3/2012GC004432-pA04.pdf>]
<figs_chpt3/2012GC004432-pA05a.pdf, id=3546, 449.68102pt x 162.82732pt>
File: figs_chpt3/2012GC004432-pA05a.pdf Graphic file (type pdf)

<use figs_chpt3/2012GC004432-pA05a.pdf>
Package pdftex.def Info: figs_chpt3/2012GC004432-pA05a.pdf used on input line 4
77.
(pdftex.def)             Requested size: 449.67992pt x 162.8269pt.
 [150 <./figs_chpt3/2012GC004432-pA05a.pdf>] <figs_chpt3/2012GC004432-pA05b.pdf
, id=4627, 449.95201pt x 633.11433pt>
File: figs_chpt3/2012GC004432-pA05b.pdf Graphic file (type pdf)

<use figs_chpt3/2012GC004432-pA05b.pdf>
Package pdftex.def Info: figs_chpt3/2012GC004432-pA05b.pdf used on input line 4
84.
(pdftex.def)             Requested size: 449.9509pt x 633.11278pt.


LaTeX Warning: Float too large for page by 29.6059pt on input line 487.

[151 <./figs_chpt3/2012GC004432-pA05b.pdf>]
<figs_chpt3/2012GC004432-pA06a.pdf, id=5856, 449.68pt x 169.29951pt>
File: figs_chpt3/2012GC004432-pA06a.pdf Graphic file (type pdf)

<use figs_chpt3/2012GC004432-pA06a.pdf>
Package pdftex.def Info: figs_chpt3/2012GC004432-pA06a.pdf used on input line 4
92.
(pdftex.def)             Requested size: 449.6789pt x 169.29909pt.
 [152 <./figs_chpt3/2012GC004432-pA06a.pdf>] <figs_chpt3/2012GC004432-pA06b.pdf
, id=7199, 449.95201pt x 633.11433pt>
File: figs_chpt3/2012GC004432-pA06b.pdf Graphic file (type pdf)

<use figs_chpt3/2012GC004432-pA06b.pdf>
Package pdftex.def Info: figs_chpt3/2012GC004432-pA06b.pdf used on input line 4
99.
(pdftex.def)             Requested size: 449.9509pt x 633.11278pt.


LaTeX Warning: Float too large for page by 15.1059pt on input line 502.

[153 <./figs_chpt3/2012GC004432-pA06b.pdf>]
<figs_chpt3/2012GC004432-pA07.pdf, id=8427, 240.9pt x 266.9975pt>
File: figs_chpt3/2012GC004432-pA07.pdf Graphic file (type pdf)

<use figs_chpt3/2012GC004432-pA07.pdf>
Package pdftex.def Info: figs_chpt3/2012GC004432-pA07.pdf used on input line 50
7.
(pdftex.def)             Requested size: 240.8994pt x 266.99683pt.
 [154 <./figs_chpt3/2012GC004432-pA07.pdf>] <figs_app/FigS1.png, id=9500, 509.9
05pt x 422.57875pt>
File: figs_app/FigS1.png Graphic file (type png)

<use figs_app/FigS1.png>
Package pdftex.def Info: figs_app/FigS1.png used on input line 516.
(pdftex.def)             Requested size: 509.90375pt x 422.57771pt.

Overfull \hbox (56.93585pt too wide) in paragraph at lines 516--517
 [][] 
 []

<figs_app/FigS2.pdf, id=9501, 263.66707pt x 205.76875pt>
File: figs_app/FigS2.pdf Graphic file (type pdf)

<use figs_app/FigS2.pdf>
Package pdftex.def Info: figs_app/FigS2.pdf used on input line 523.
(pdftex.def)             Requested size: 263.66641pt x 205.76823pt.


LaTeX Warning: Command \textordmasculine invalid in math mode on input line 524
.


LaTeX Warning: Command \textordmasculine invalid in math mode on input line 524
.


LaTeX Warning: Command \textordmasculine invalid in math mode on input line 524
.


LaTeX Warning: Command \textordmasculine invalid in math mode on input line 524
.

<figs_app/FigS3.pdf, id=9502, 239.38234pt x 365.365pt>
File: figs_app/FigS3.pdf Graphic file (type pdf)

<use figs_app/FigS3.pdf>
Package pdftex.def Info: figs_app/FigS3.pdf used on input line 530.
(pdftex.def)             Requested size: 239.38174pt x 365.3641pt.

<figs_app/FigS4.pdf, id=9503, 236.885pt x 406.85301pt>
File: figs_app/FigS4.pdf Graphic file (type pdf)

<use figs_app/FigS4.pdf>
Package pdftex.def Info: figs_app/FigS4.pdf used on input line 537.
(pdftex.def)             Requested size: 236.88441pt x 406.85202pt.

<figs_app/FigS5.pdf, id=9504, 240.62497pt x 385.439pt>
File: figs_app/FigS5.pdf Graphic file (type pdf)

<use figs_app/FigS5.pdf>
Package pdftex.def Info: figs_app/FigS5.pdf used on input line 544.
(pdftex.def)             Requested size: 240.62436pt x 385.43805pt.

<figs_app/FigS6.pdf, id=9505, 241.84856pt x 193.47884pt>
File: figs_app/FigS6.pdf Graphic file (type pdf)

<use figs_app/FigS6.pdf>
Package pdftex.def Info: figs_app/FigS6.pdf used on input line 551.
(pdftex.def)             Requested size: 241.84796pt x 193.47835pt.

<figs_app/FigS7.pdf, id=9506, 504.88625pt x 351.3125pt>
File: figs_app/FigS7.pdf Graphic file (type pdf)

<use figs_app/FigS7.pdf>
Package pdftex.def Info: figs_app/FigS7.pdf used on input line 558.
(pdftex.def)             Requested size: 504.885pt x 351.31163pt.

Overfull \hbox (51.9171pt too wide) in paragraph at lines 558--559
 [][] 
 []

<figs_app/FigS8.pdf, id=9507, 512.14938pt x 354.32375pt>
File: figs_app/FigS8.pdf Graphic file (type pdf)

<use figs_app/FigS8.pdf>
Package pdftex.def Info: figs_app/FigS8.pdf used on input line 565.
(pdftex.def)             Requested size: 512.14813pt x 354.32288pt.

Overfull \hbox (59.18024pt too wide) in paragraph at lines 565--566
 [][] 
 []


LaTeX Warning: Command \textordmasculine invalid in math mode on input line 566
.


LaTeX Warning: Command \textordmasculine invalid in math mode on input line 566
.


LaTeX Warning: Command \textordmasculine invalid in math mode on input line 566
.


LaTeX Warning: Command \textordmasculine invalid in math mode on input line 566
.

<figs_app/FigS9a.pdf, id=9508, 512.14938pt x 341.4326pt>
File: figs_app/FigS9a.pdf Graphic file (type pdf)

<use figs_app/FigS9a.pdf>
Package pdftex.def Info: figs_app/FigS9a.pdf used on input line 572.
(pdftex.def)             Requested size: 512.14813pt x 341.43176pt.

Overfull \hbox (59.18024pt too wide) in paragraph at lines 572--573
 [][] 
 []

<figs_app/FigS9b.pdf, id=9509, 512.14938pt x 341.4326pt>
File: figs_app/FigS9b.pdf Graphic file (type pdf)

<use figs_app/FigS9b.pdf>
Package pdftex.def Info: figs_app/FigS9b.pdf used on input line 577.
(pdftex.def)             Requested size: 512.14813pt x 341.43176pt.

Overfull \hbox (59.18024pt too wide) in paragraph at lines 577--578
 [][] 
 []

<figs_app/FigS10.pdf, id=9510, 512.14938pt x 301.125pt>
File: figs_app/FigS10.pdf Graphic file (type pdf)

<use figs_app/FigS10.pdf>
Package pdftex.def Info: figs_app/FigS10.pdf used on input line 584.
(pdftex.def)             Requested size: 512.14813pt x 301.12425pt.

Overfull \hbox (59.18024pt too wide) in paragraph at lines 584--585
 [][] 
 []

<figs_app/FigS11.pdf, id=9511, 241.84856pt x 193.47884pt>
File: figs_app/FigS11.pdf Graphic file (type pdf)

<use figs_app/FigS11.pdf>
Package pdftex.def Info: figs_app/FigS11.pdf used on input line 591.
(pdftex.def)             Requested size: 241.84796pt x 193.47835pt.

<figs_app/FigS12.pdf, id=9512, 241.84856pt x 193.47884pt>
File: figs_app/FigS12.pdf Graphic file (type pdf)

<use figs_app/FigS12.pdf>
Package pdftex.def Info: figs_app/FigS12.pdf used on input line 598.
(pdftex.def)             Requested size: 241.84796pt x 193.47835pt.
) [155 <./figs_app/FigS1.png>] [156 <./figs_app/FigS2.pdf>] [157 <./figs_app/Fi
gS3.pdf>] [158 <./figs_app/FigS4.pdf>] [159 <./figs_app/FigS5.pdf>] [160 <./fig
s_app/FigS6.pdf>] [161 <./figs_app/FigS7.pdf>]
[162 <./figs_app/FigS8.pdf>] [163 <./figs_app/FigS9a.pdf>] [164 <./figs_app/Fig
S9b.pdf>] [165 <./figs_app/FigS10.pdf> <./figs_app/FigS11.pdf>] [166 <./figs_ap
p/FigS12.pdf>]

Package natbib Warning: There were undefined citations.

(./main.aux (./dedication.aux) (./acknowledgment.aux) (./intro.aux)
(./chpt2.aux) (./chpt3.aux) (./chpt4.aux) (./chpt5.aux) (./appen.aux)) ) 
Here is how much of TeX's memory you used:
 10061 strings out of 493488
 158484 string characters out of 3141326
 275321 words of memory out of 3000000
 13019 multiletter control sequences out of 15000+200000
 65578 words of font info for 49 fonts, out of 3000000 for 9000
 957 hyphenation exceptions out of 8191
 53i,17n,92p,2878b,503s stack positions out of 5000i,500n,10000p,200000b,50000s
{/usr/l
ocal/texlive/2012/texmf-dist/fonts/enc/dvips/lm/lm-mathit.enc}{/usr/local/texli
ve/2012/texmf-dist/fonts/enc/dvips/lm/lm-ec.enc}{/usr/local/texlive/2012/texmf-
dist/fonts/enc/dvips/lm/lm-rm.enc}{/usr/local/texlive/2012/texmf-dist/fonts/enc
/dvips/lm/lm-mathex.enc}{/usr/local/texlive/2012/texmf-dist/fonts/enc/dvips/lm/
lm-mathsy.enc}</usr/local/texlive/2012/texmf-dist/fonts/type1/public/lm/lmbx12.
pfb></usr/local/texlive/2012/texmf-dist/fonts/type1/public/lm/lmex10.pfb></usr/
local/texlive/2012/texmf-dist/fonts/type1/public/lm/lmmi10.pfb></usr/local/texl
ive/2012/texmf-dist/fonts/type1/public/lm/lmmi12.pfb></usr/local/texlive/2012/t
exmf-dist/fonts/type1/public/lm/lmmi8.pfb></usr/local/texlive/2012/texmf-dist/f
onts/type1/public/lm/lmr10.pfb></usr/local/texlive/2012/texmf-dist/fonts/type1/
public/lm/lmr12.pfb></usr/local/texlive/2012/texmf-dist/fonts/type1/public/lm/l
mr6.pfb></usr/local/texlive/2012/texmf-dist/fonts/type1/public/lm/lmr7.pfb></us
r/local/texlive/2012/texmf-dist/fonts/type1/public/lm/lmr8.pfb></usr/local/texl
ive/2012/texmf-dist/fonts/type1/public/lm/lmri10.pfb></usr/local/texlive/2012/t
exmf-dist/fonts/type1/public/lm/lmri12.pfb></usr/local/texlive/2012/texmf-dist/
fonts/type1/public/lm/lmsy10.pfb></usr/local/texlive/2012/texmf-dist/fonts/type
1/public/lm/lmsy8.pfb>
Output written on main.pdf (178 pages, 60121891 bytes).
PDF statistics:
 9930 PDF objects out of 10688 (max. 8388607)
 1092 compressed objects within 11 object streams
 0 named destinations out of 1000 (max. 500000)
 286 words of extra memory for PDF output out of 10000 (max. 10000000)

